#
# There is insufficient memory for the Java Runtime Environment to continue.
# Native memory allocation (malloc) failed to allocate 1048576 bytes for AllocateHeap
# Possible reasons:
#   The system is out of physical RAM or swap space
#   In 32 bit mode, the process size limit was hit
# Possible solutions:
#   Reduce memory load on the system
#   Increase physical memory or swap space
#   Check if swap backing store is full
#   Use 64 bit Java on a 64 bit OS
#   Decrease Java heap size (-Xmx/-Xms)
#   Decrease number of Java threads
#   Decrease Java thread stack sizes (-Xss)
#   Set larger code cache with -XX:ReservedCodeCacheSize=
# This output file may be truncated or incomplete.
#
#  Out of Memory Error (memory/allocation.inline.hpp:61), pid=21132, tid=0x00000000000052b4
#
# JRE version:  (8.0_151-b12) (build )
# Java VM: Java HotSpot(TM) 64-Bit Server VM (25.151-b12 mixed mode windows-amd64 compressed oops)
# Failed to write core dump. Minidumps are not enabled by default on client versions of Windows
#

---------------  T H R E A D  ---------------

Current thread (0x0000000002b5d800):  JavaThread "Unknown thread" [_thread_in_vm, id=21172, stack(0x0000000002b60000,0x0000000002c60000)]

Stack: [0x0000000002b60000,0x0000000002c60000]
[error occurred during error reporting (printing stack bounds), id 0xc0000005]

Native frames: (J=compiled Java code, j=interpreted, Vv=VM code, C=native code)


---------------  P R O C E S S  ---------------

Java Threads: ( => current thread )

Other Threads:

=>0x0000000002b5d800 (exited) JavaThread "Unknown thread" [_thread_in_vm, id=21172, stack(0x0000000002b60000,0x0000000002c60000)]

VM state:not at safepoint (normal execution)

VM Mutex/Monitor currently owned by a thread: None

Heap:
 PSYoungGen      total 38400K, used 665K [0x00000000d5d00000, 0x00000000d8780000, 0x0000000100000000)
  eden space 33280K, 2% used [0x00000000d5d00000,0x00000000d5da6670,0x00000000d7d80000)
  from space 5120K, 0% used [0x00000000d8280000,0x00000000d8280000,0x00000000d8780000)
  to   space 5120K, 0% used [0x00000000d7d80000,0x00000000d7d80000,0x00000000d8280000)
 ParOldGen       total 87552K, used 0K [0x0000000081600000, 0x0000000086b80000, 0x00000000d5d00000)
  object space 87552K, 0% used [0x0000000081600000,0x0000000081600000,0x0000000086b80000)
 Metaspace       used 746K, capacity 4480K, committed 4480K, reserved 1056768K
  class space    used 75K, capacity 384K, committed 384K, reserved 1048576K

Card table byte_map: [0x0000000012120000,0x0000000012520000] byte_map_base: 0x0000000011d15000

Marking Bits: (ParMarkBitMap*) 0x0000000062ced850
 Begin Bits: [0x0000000012bd0000, 0x0000000014b78000)
 End Bits:   [0x0000000014b78000, 0x0000000016b20000)

Polling page: 0x0000000002a60000

CodeCache: size=245760Kb used=328Kb max_used=328Kb free=245431Kb
 bounds [0x0000000002d60000, 0x0000000002fd0000, 0x0000000011d60000]
 total_blobs=58 nmethods=0 adapters=38
 compilation: enabled

Compilation events (0 events):
No events

GC Heap History (0 events):
No events

Deoptimization events (0 events):
No events

Internal exceptions (0 events):
No events

Events (10 events):
Event: 0.059 loading class java/lang/Short
Event: 0.059 loading class java/lang/Short done
Event: 0.059 loading class java/lang/Integer
Event: 0.059 loading class java/lang/Integer done
Event: 0.060 loading class java/lang/Long
Event: 0.060 loading class java/lang/Long done
Event: 0.061 loading class java/lang/NullPointerException
Event: 0.061 loading class java/lang/NullPointerException done
Event: 0.061 loading class java/lang/ArithmeticException
Event: 0.061 loading class java/lang/ArithmeticException done


Dynamic libraries:
0x00007ff7add00000 - 0x00007ff7add37000 	C:\Program Files\Java\jre1.8.0_151\bin\javaw.exe
0x00007ffae9360000 - 0x00007ffae953b000 	C:\WINDOWS\SYSTEM32\ntdll.dll
0x00007ffae7930000 - 0x00007ffae79de000 	C:\WINDOWS\System32\KERNEL32.DLL
0x00007ffae6450000 - 0x00007ffae6699000 	C:\WINDOWS\System32\KERNELBASE.dll
0x00007ffae6f20000 - 0x00007ffae6fc1000 	C:\WINDOWS\System32\ADVAPI32.dll
0x00007ffae7000000 - 0x00007ffae709d000 	C:\WINDOWS\System32\msvcrt.dll
0x00007ffae7310000 - 0x00007ffae7369000 	C:\WINDOWS\System32\sechost.dll
0x00007ffae9020000 - 0x00007ffae9145000 	C:\WINDOWS\System32\RPCRT4.dll
0x00007ffae71c0000 - 0x00007ffae730a000 	C:\WINDOWS\System32\USER32.dll
0x00007ffae6390000 - 0x00007ffae63ae000 	C:\WINDOWS\System32\win32u.dll
0x00007ffae6fd0000 - 0x00007ffae6ff7000 	C:\WINDOWS\System32\GDI32.dll
0x00007ffae60f0000 - 0x00007ffae6277000 	C:\WINDOWS\System32\gdi32full.dll
0x00007ffae63b0000 - 0x00007ffae644a000 	C:\WINDOWS\System32\msvcp_win.dll
0x00007ffae5880000 - 0x00007ffae5976000 	C:\WINDOWS\System32\ucrtbase.dll
0x00007ffadd580000 - 0x00007ffadd7e7000 	C:\WINDOWS\WinSxS\amd64_microsoft.windows.common-controls_6595b64144ccf1df_6.0.15063.483_none_26002d27e7c744a2\COMCTL32.dll
0x00007ffae7530000 - 0x00007ffae7829000 	C:\WINDOWS\System32\combase.dll
0x00007ffae5980000 - 0x00007ffae59ea000 	C:\WINDOWS\System32\bcryptPrimitives.dll
0x00007ffae68c0000 - 0x00007ffae68ed000 	C:\WINDOWS\System32\IMM32.DLL
0x0000000063770000 - 0x0000000063842000 	C:\Program Files\Java\jre1.8.0_151\bin\msvcr100.dll
0x00000000624d0000 - 0x0000000062d6d000 	C:\Program Files\Java\jre1.8.0_151\bin\server\jvm.dll
0x00007ffae7140000 - 0x00007ffae7148000 	C:\WINDOWS\System32\PSAPI.DLL
0x00007ffae4060000 - 0x00007ffae4069000 	C:\WINDOWS\SYSTEM32\WSOCK32.dll
0x00007ffae7150000 - 0x00007ffae71bc000 	C:\WINDOWS\System32\WS2_32.dll
0x00007ffae41d0000 - 0x00007ffae41f3000 	C:\WINDOWS\SYSTEM32\WINMM.dll
0x00007ffadff40000 - 0x00007ffadff4a000 	C:\WINDOWS\SYSTEM32\VERSION.dll
0x00007ffae41a0000 - 0x00007ffae41cb000 	C:\WINDOWS\SYSTEM32\WINMMBASE.dll
0x00007ffae6870000 - 0x00007ffae68b9000 	C:\WINDOWS\System32\cfgmgr32.dll
0x0000000063a90000 - 0x0000000063a9f000 	C:\Program Files\Java\jre1.8.0_151\bin\verify.dll
0x0000000063a60000 - 0x0000000063a89000 	C:\Program Files\Java\jre1.8.0_151\bin\java.dll
0x0000000063a40000 - 0x0000000063a56000 	C:\Program Files\Java\jre1.8.0_151\bin\zip.dll

VM Arguments:
jvm_args: -Dfile.encoding=Cp1252 
java_command: main.Main
java_class_path (initial): C:\Program Files\Java\jre1.8.0_151\lib\resources.jar;C:\Program Files\Java\jre1.8.0_151\lib\rt.jar;C:\Program Files\Java\jre1.8.0_151\lib\jsse.jar;C:\Program Files\Java\jre1.8.0_151\lib\jce.jar;C:\Program Files\Java\jre1.8.0_151\lib\charsets.jar;C:\Program Files\Java\jre1.8.0_151\lib\jfr.jar;C:\Program Files\Java\jre1.8.0_151\lib\ext\access-bridge-64.jar;C:\Program Files\Java\jre1.8.0_151\lib\ext\cldrdata.jar;C:\Program Files\Java\jre1.8.0_151\lib\ext\dnsns.jar;C:\Program Files\Java\jre1.8.0_151\lib\ext\jaccess.jar;C:\Program Files\Java\jre1.8.0_151\lib\ext\jfxrt.jar;C:\Program Files\Java\jre1.8.0_151\lib\ext\localedata.jar;C:\Program Files\Java\jre1.8.0_151\lib\ext\nashorn.jar;C:\Program Files\Java\jre1.8.0_151\lib\ext\sunec.jar;C:\Program Files\Java\jre1.8.0_151\lib\ext\sunjce_provider.jar;C:\Program Files\Java\jre1.8.0_151\lib\ext\sunmscapi.jar;C:\Program Files\Java\jre1.8.0_151\lib\ext\sunpkcs11.jar;C:\Program Files\Java\jre1.8.0_151\lib\ext\zipfs.jar;C:\Users\Moha\Desktop\Learn Java\Java Project\bin;C:\Users\Moha\Desktop\Learn Java\JDBC\lib\mysql-connector-java-5.1.42-bin.jar
Launcher Type: SUN_STANDARD

Environment Variables:
PATH=C:/Program Files/Java/jre1.8.0_151/bin/server;C:/Program Files/Java/jre1.8.0_151/bin;C:/Program Files/Java/jre1.8.0_151/lib/amd64;C:\ProgramData\Oracle\Java\javapath;C:\Program Files (x86)\NVIDIA Corporation\PhysX\Common;C:\Program Files (x86)\Microchip\xc8\v1.12\bin;C:\WINDOWS\system32;C:\WINDOWS;C:\WINDOWS\System32\Wbem;C:\WINDOWS\System32\WindowsPowerShell\v1.0\;C:\Program Files (x86)\Microchip\MPLAB C32 Suite\bin;C:\Program Files (x86)\Skype\Phone\;C:\Program Files\Microsoft SQL Server\Client SDK\ODBC\130\Tools\Binn\;C:\Program Files (x86)\Microsoft SQL Server\130\Tools\Binn\;C:\Program Files\Microsoft SQL Server\130\Tools\Binn\;C:\Program Files\Microsoft SQL Server\130\DTS\Binn\;C:\Program Files (x86)\Microsoft SQL Server\Client SDK\ODBC\130\Tools\Binn\;C:\Program Files (x86)\Microsoft SQL Server\140\Tools\Binn\;C:\Program Files (x86)\Microsoft SQL Server\140\DTS\Binn\;C:\Program Files (x86)\Microsoft SQL Server\140\Tools\Binn\ManagementStudio\;C:\Program Files\MySQL\MySQL Utilities 1.6\;C:\Users\Moha\AppData\Local\Microsoft\WindowsApps;;C:\Program Files\Microsoft VS Code\bin;C:\WINDOWS\System32;
USERNAME=Moha
OS=Windows_NT
PROCESSOR_IDENTIFIER=Intel64 Family 6 Model 42 Stepping 7, GenuineIntel



---------------  S Y S T E M  ---------------

OS: Windows 10.0 , 64 bit Build 15063 (10.0.15063.296)

CPU:total 4 (initial active 4) (2 cores per cpu, 2 threads per core) family 6 model 42 stepping 7, cmov, cx8, fxsr, mmx, sse, sse2, sse3, ssse3, sse4.1, sse4.2, popcnt, avx, aes, clmul, ht, tsc, tscinvbit

Memory: 4k page, physical 8292396k(2701684k free), swap 33458220k(18512k free)

vm_info: Java HotSpot(TM) 64-Bit Server VM (25.151-b12) for windows-amd64 JRE (1.8.0_151-b12), built on Sep  5 2017 19:33:46 by "java_re" with MS VC++ 10.0 (VS2010)

time: Sat Dec 02 23:52:54 2017
elapsed time: 0 seconds (0d 0h 0m 0s)

